<?xml version="1.0" encoding="UTF-8"?>
<robot generator="Robot 7.1 (Python 3.9.6 on darwin)" generated="2024-10-16T18:46:07.530404" rpa="false" schemaversion="5">
<suite id="s1" name="Tests" source="/Users/cleberaguiar/Documents/Testes ROBOT/teste automationexercise/tests.robot">
<test id="s1-t1" name="CN0001: Registrar um novo usuário com sucesso" line="6">
<kw name="Dado que o usuário está na página inicial" owner="kws">
<kw name="Abrindo URL https://automationexercise.com/" owner="HomePage">
<kw name="Open Browser" owner="SeleniumLibrary">
<msg time="2024-10-16T18:46:08.462978" level="INFO">Opening browser 'Chrome' to base url 'https://automationexercise.com/'.</msg>
<arg>${URL}</arg>
<arg>Chrome</arg>
<doc>Opens a new browser instance to the optional ``url``.</doc>
<status status="PASS" start="2024-10-16T18:46:08.461298" elapsed="6.221853"/>
</kw>
<status status="PASS" start="2024-10-16T18:46:08.459151" elapsed="6.225288"/>
</kw>
<status status="PASS" start="2024-10-16T18:46:08.457766" elapsed="6.227112"/>
</kw>
<kw name="Quando o usuário clica no botão &quot;Signup / Login&quot;" owner="kws">
<kw name="Clicando no botao Signup - Login" owner="HomePage">
<kw name="Wait Until Element Is Visible" owner="SeleniumLibrary">
<arg>${button_Signup-Login}</arg>
<doc>Waits until the element ``locator`` is visible.</doc>
<status status="PASS" start="2024-10-16T18:46:14.690055" elapsed="0.036646"/>
</kw>
<kw name="Click Element" owner="SeleniumLibrary">
<msg time="2024-10-16T18:46:14.728332" level="INFO">Clicking element 'css:a[href='/login']'.</msg>
<arg>${button_Signup-Login}</arg>
<doc>Click the element identified by ``locator``.</doc>
<status status="PASS" start="2024-10-16T18:46:14.727506" elapsed="1.145545"/>
</kw>
<status status="PASS" start="2024-10-16T18:46:14.689185" elapsed="1.184425"/>
</kw>
<status status="PASS" start="2024-10-16T18:46:14.686833" elapsed="1.187143"/>
</kw>
<kw name="E preenche os dados de nome e email" owner="kws">
<kw name="Digitando o nome para cadastro" owner="SignupLoginPage">
<kw name="Name" owner="FakerLibrary">
<msg time="2024-10-16T18:46:15.881762" level="INFO">${Imputar_nome} = Maria Gomez</msg>
<var>${Imputar_nome}</var>
<doc>:example: 'John Doe'</doc>
<status status="PASS" start="2024-10-16T18:46:15.879057" elapsed="0.004940"/>
</kw>
<kw name="Input Text" owner="SeleniumLibrary">
<msg time="2024-10-16T18:46:15.971777" level="INFO">Typing text 'Maria Gomez' into text field 'css:input[name='name']'.</msg>
<arg>${Input_Name}</arg>
<arg>${Imputar_nome}</arg>
<doc>Types the given ``text`` into the text field identified by ``locator``.</doc>
<status status="PASS" start="2024-10-16T18:46:15.970059" elapsed="0.499883"/>
</kw>
<status status="PASS" start="2024-10-16T18:46:15.877448" elapsed="0.597498"/>
</kw>
<kw name="Digitando o email para cadastro" owner="SignupLoginPage">
<kw name="Email" owner="FakerLibrary">
<msg time="2024-10-16T18:46:16.479664" level="INFO">${Imputar_email} = barberryan@example.net</msg>
<var>${Imputar_email}</var>
<status status="PASS" start="2024-10-16T18:46:16.477785" elapsed="0.002331"/>
</kw>
<kw name="Input Text" owner="SeleniumLibrary">
<msg time="2024-10-16T18:46:16.483255" level="INFO">Typing text 'barberryan@example.net' into text field 'css:input[data-qa='signup-email']'.</msg>
<arg>${Input_Email}</arg>
<arg>${Imputar_Email}</arg>
<doc>Types the given ``text`` into the text field identified by ``locator``.</doc>
<status status="PASS" start="2024-10-16T18:46:16.480724" elapsed="0.364481"/>
</kw>
<status status="PASS" start="2024-10-16T18:46:16.476063" elapsed="0.370003"/>
</kw>
<status status="PASS" start="2024-10-16T18:46:15.875322" elapsed="0.971268"/>
</kw>
<kw name="E clica no botão &quot;Cadastrar&quot;" owner="kws">
<kw name="Clicando no botao Signup" owner="SignupLoginPage">
<kw name="Click Button" owner="SeleniumLibrary">
<msg time="2024-10-16T18:46:16.851624" level="INFO">Clicking button 'css:button[data-qa='signup-button']'.</msg>
<arg>${Button_Signup}</arg>
<doc>Clicks the button identified by ``locator``.</doc>
<status status="PASS" start="2024-10-16T18:46:16.850842" elapsed="1.566212"/>
</kw>
<status status="PASS" start="2024-10-16T18:46:16.849827" elapsed="1.567721"/>
</kw>
<status status="PASS" start="2024-10-16T18:46:16.848051" elapsed="1.570069"/>
</kw>
<kw name="E preencher o restante das informações necessarias para concluir o cadsstro" owner="kws">
<kw name="Verificar se esta na pagina de Signup" owner="SignupPage">
<kw name="Element Should Be Visible" owner="SeleniumLibrary">
<msg time="2024-10-16T18:46:18.458600" level="INFO">Element 'id:id_gender1' is displayed.</msg>
<arg>${Radio_MR}</arg>
<doc>Verifies that the element identified by ``locator`` is visible.</doc>
<status status="PASS" start="2024-10-16T18:46:18.422168" elapsed="0.038382"/>
</kw>
<status status="PASS" start="2024-10-16T18:46:18.421138" elapsed="0.040011"/>
</kw>
<kw name="Escolhendo o Title para Mr." owner="SignupPage">
<kw name="Click Element" owner="SeleniumLibrary">
<msg time="2024-10-16T18:46:18.463023" level="INFO">Clicking element 'id:id_gender1'.</msg>
<arg>${Radio_MR}</arg>
<doc>Click the element identified by ``locator``.</doc>
<status status="PASS" start="2024-10-16T18:46:18.462505" elapsed="0.128140"/>
</kw>
<status status="PASS" start="2024-10-16T18:46:18.461780" elapsed="0.129443"/>
</kw>
<kw name="Digitando senha" owner="SignupPage">
<kw name="Password" owner="FakerLibrary">
<msg time="2024-10-16T18:46:18.595621" level="INFO">${imputar_password} = @1tpQi5QYp</msg>
<var>${imputar_password}</var>
<doc>Generate a random password of the specified ``length``.</doc>
<status status="PASS" start="2024-10-16T18:46:18.594576" elapsed="0.001533"/>
</kw>
<kw name="Input Password" owner="SeleniumLibrary">
<msg time="2024-10-16T18:46:18.598516" level="INFO">Typing password into text field 'id:password'.</msg>
<msg time="2024-10-16T18:46:18.654968" level="INFO">Temporally setting log level to: NONE</msg>
<arg>${Input_password}</arg>
<arg>${imputar_password}</arg>
<doc>Types the given password into the text field identified by ``locator``.</doc>
<status status="PASS" start="2024-10-16T18:46:18.596748" elapsed="0.154996"/>
</kw>
<status status="PASS" start="2024-10-16T18:46:18.593227" elapsed="0.158964"/>
</kw>
<kw name="Selecionando a data de aniversario" owner="SignupPage">
<kw name="Click Element" owner="SeleniumLibrary">
<msg time="2024-10-16T18:46:18.754707" level="INFO">Clicking element 'id:days'.</msg>
<arg>${select_days}</arg>
<doc>Click the element identified by ``locator``.</doc>
<status status="PASS" start="2024-10-16T18:46:18.753470" elapsed="0.180319"/>
</kw>
<kw name="Click Element" owner="SeleniumLibrary">
<msg time="2024-10-16T18:46:18.935591" level="INFO">Clicking element 'css:#days option[value='16']'.</msg>
<arg>${day_16}</arg>
<doc>Click the element identified by ``locator``.</doc>
<status status="PASS" start="2024-10-16T18:46:18.934617" elapsed="0.058441"/>
</kw>
<kw name="Click Element" owner="SeleniumLibrary">
<msg time="2024-10-16T18:46:18.995027" level="INFO">Clicking element 'id:months'.</msg>
<arg>${select_months}</arg>
<doc>Click the element identified by ``locator``.</doc>
<status status="PASS" start="2024-10-16T18:46:18.993872" elapsed="0.162398"/>
</kw>
<kw name="Click Element" owner="SeleniumLibrary">
<msg time="2024-10-16T18:46:19.157856" level="INFO">Clicking element 'css:#months option[value='8']'.</msg>
<arg>${month_8}</arg>
<doc>Click the element identified by ``locator``.</doc>
<status status="PASS" start="2024-10-16T18:46:19.157079" elapsed="0.045074"/>
</kw>
<kw name="Click Element" owner="SeleniumLibrary">
<msg time="2024-10-16T18:46:19.204823" level="INFO">Clicking element 'id:years'.</msg>
<arg>${select_year}</arg>
<doc>Click the element identified by ``locator``.</doc>
<status status="PASS" start="2024-10-16T18:46:19.203042" elapsed="0.172652"/>
</kw>
<kw name="Click Element" owner="SeleniumLibrary">
<msg time="2024-10-16T18:46:19.377600" level="INFO">Clicking element 'css:#years option[value='1998']'.</msg>
<arg>${year_1998}</arg>
<doc>Click the element identified by ``locator``.</doc>
<status status="PASS" start="2024-10-16T18:46:19.376433" elapsed="0.052727"/>
</kw>
<status status="PASS" start="2024-10-16T18:46:18.752763" elapsed="0.680766"/>
</kw>
<kw name="Marcando a caixa de seleção &quot;Sign up for our newsletter!&quot;" owner="SignupPage">
<kw name="Click Element" owner="SeleniumLibrary">
<msg time="2024-10-16T18:46:19.438819" level="INFO">Clicking element 'id:newsletter'.</msg>
<arg>${checkbox_newsletter}</arg>
<doc>Click the element identified by ``locator``.</doc>
<status status="PASS" start="2024-10-16T18:46:19.436311" elapsed="0.178519"/>
</kw>
<status status="PASS" start="2024-10-16T18:46:19.434682" elapsed="0.181108"/>
</kw>
<kw name="Digitando primeiro nome" owner="SignupPage">
<kw name="First Name Male" owner="FakerLibrary">
<msg time="2024-10-16T18:46:19.619622" level="INFO">${imputar_first_name} = Dennis</msg>
<var>${imputar_first_name}</var>
<status status="PASS" start="2024-10-16T18:46:19.618177" elapsed="0.001875"/>
</kw>
<kw name="Input Text" owner="SeleniumLibrary">
<msg time="2024-10-16T18:46:19.622440" level="INFO">Typing text 'Dennis' into text field 'id:first_name'.</msg>
<arg>${input_first_name}</arg>
<arg>${imputar_first_name}</arg>
<doc>Types the given ``text`` into the text field identified by ``locator``.</doc>
<status status="PASS" start="2024-10-16T18:46:19.620837" elapsed="0.306847"/>
</kw>
<status status="PASS" start="2024-10-16T18:46:19.616803" elapsed="0.312045"/>
</kw>
<kw name="Digitando o sobrenome" owner="SignupPage">
<kw name="Last Name Male" owner="FakerLibrary">
<msg time="2024-10-16T18:46:19.936505" level="INFO">${imputar_last_name} = Beltran</msg>
<var>${imputar_last_name}</var>
<status status="PASS" start="2024-10-16T18:46:19.934783" elapsed="0.002134"/>
</kw>
<kw name="Input Text" owner="SeleniumLibrary">
<msg time="2024-10-16T18:46:19.939384" level="INFO">Typing text 'Beltran' into text field 'id:last_name'.</msg>
<arg>${input_last_name}</arg>
<arg>${imputar_last_name}</arg>
<doc>Types the given ``text`` into the text field identified by ``locator``.</doc>
<status status="PASS" start="2024-10-16T18:46:19.937830" elapsed="0.170320"/>
</kw>
<status status="PASS" start="2024-10-16T18:46:19.932949" elapsed="0.175881"/>
</kw>
<kw name="Digitando o nome da empresa" owner="SignupPage">
<kw name="Company" owner="FakerLibrary">
<msg time="2024-10-16T18:46:20.113100" level="INFO">${imputar_company} = Stewart-Ayala</msg>
<var>${imputar_company}</var>
<doc>:example: 'Acme Ltd'</doc>
<status status="PASS" start="2024-10-16T18:46:20.110981" elapsed="0.003307"/>
</kw>
<kw name="Input Text" owner="SeleniumLibrary">
<msg time="2024-10-16T18:46:20.117357" level="INFO">Typing text 'Stewart-Ayala' into text field 'id:company'.</msg>
<arg>${input_company}</arg>
<arg>${imputar_company}</arg>
<doc>Types the given ``text`` into the text field identified by ``locator``.</doc>
<status status="PASS" start="2024-10-16T18:46:20.115704" elapsed="0.165533"/>
</kw>
<status status="PASS" start="2024-10-16T18:46:20.109580" elapsed="0.172394"/>
</kw>
<kw name="Digitando o primeiro endereço" owner="SignupPage">
<kw name="Address" owner="FakerLibrary">
<msg time="2024-10-16T18:46:20.285385" level="INFO">${imputar_address1} = Unit 6597 Box 3663
DPO AA 18200</msg>
<var>${imputar_address1}</var>
<doc>:example: '791 Crist Parks, Sashabury, IL 86039-9874'</doc>
<status status="PASS" start="2024-10-16T18:46:20.284203" elapsed="0.001753"/>
</kw>
<kw name="Input Text" owner="SeleniumLibrary">
<msg time="2024-10-16T18:46:20.288346" level="INFO">Typing text 'Unit 6597 Box 3663
DPO AA 18200' into text field 'id:address1'.</msg>
<arg>${input_address1}</arg>
<arg>${imputar_address1}</arg>
<doc>Types the given ``text`` into the text field identified by ``locator``.</doc>
<status status="PASS" start="2024-10-16T18:46:20.286910" elapsed="0.179951"/>
</kw>
<status status="PASS" start="2024-10-16T18:46:20.282884" elapsed="0.184701"/>
</kw>
<kw name="Digitando o segundo endereço" owner="SignupPage">
<kw name="Secondary Address" owner="FakerLibrary">
<msg time="2024-10-16T18:46:20.471005" level="INFO">${imputar_address2} = Suite 308</msg>
<var>${imputar_address2}</var>
<status status="PASS" start="2024-10-16T18:46:20.469668" elapsed="0.002156"/>
</kw>
<kw name="Input Text" owner="SeleniumLibrary">
<msg time="2024-10-16T18:46:20.474068" level="INFO">Typing text 'Suite 308' into text field 'id:address2'.</msg>
<arg>${input_address2}</arg>
<arg>${imputar_address2}</arg>
<doc>Types the given ``text`` into the text field identified by ``locator``.</doc>
<status status="PASS" start="2024-10-16T18:46:20.472768" elapsed="0.153151"/>
</kw>
<status status="PASS" start="2024-10-16T18:46:20.468653" elapsed="0.158097"/>
</kw>
<kw name="Selecionando o pais" owner="SignupPage">
<kw name="Click Element" owner="SeleniumLibrary">
<msg time="2024-10-16T18:46:20.629924" level="INFO">Clicking element 'id:country'.</msg>
<arg>${select_country}</arg>
<doc>Click the element identified by ``locator``.</doc>
<status status="PASS" start="2024-10-16T18:46:20.629007" elapsed="0.135666"/>
</kw>
<kw name="Click Element" owner="SeleniumLibrary">
<msg time="2024-10-16T18:46:20.766654" level="INFO">Clicking element 'css:#country option[value='United States']'.</msg>
<arg>${country_United States}</arg>
<doc>Click the element identified by ``locator``.</doc>
<status status="PASS" start="2024-10-16T18:46:20.765661" elapsed="0.050736"/>
</kw>
<status status="PASS" start="2024-10-16T18:46:20.627710" elapsed="0.189376"/>
</kw>
<kw name="Digitando o estado" owner="SignupPage">
<kw name="State" owner="FakerLibrary">
<msg time="2024-10-16T18:46:20.825484" level="INFO">${imputar_state} = Iowa</msg>
<var>${imputar_state}</var>
<status status="PASS" start="2024-10-16T18:46:20.822991" elapsed="0.002935"/>
</kw>
<kw name="Input Text" owner="SeleniumLibrary">
<msg time="2024-10-16T18:46:20.827800" level="INFO">Typing text 'Iowa' into text field 'id:state'.</msg>
<arg>${input_state}</arg>
<arg>${imputar_state}</arg>
<doc>Types the given ``text`` into the text field identified by ``locator``.</doc>
<status status="PASS" start="2024-10-16T18:46:20.826718" elapsed="0.254781"/>
</kw>
<status status="PASS" start="2024-10-16T18:46:20.818318" elapsed="0.263919"/>
</kw>
<kw name="Digitando a cidade" owner="SignupPage">
<kw name="City" owner="FakerLibrary">
<msg time="2024-10-16T18:46:21.086451" level="INFO">${imputar_city} = Lake Tashatown</msg>
<var>${imputar_city}</var>
<doc>:example: 'Sashabury'</doc>
<status status="PASS" start="2024-10-16T18:46:21.084606" elapsed="0.003278"/>
</kw>
<kw name="Input Text" owner="SeleniumLibrary">
<msg time="2024-10-16T18:46:21.090503" level="INFO">Typing text 'Lake Tashatown' into text field 'id:city'.</msg>
<arg>${input_city}</arg>
<arg>${imputar_city}</arg>
<doc>Types the given ``text`` into the text field identified by ``locator``.</doc>
<status status="PASS" start="2024-10-16T18:46:21.089346" elapsed="0.160051"/>
</kw>
<status status="PASS" start="2024-10-16T18:46:21.083163" elapsed="0.166691"/>
</kw>
<kw name="Digitando o CEP" owner="SignupPage">
<kw name="Zipcode" owner="FakerLibrary">
<msg time="2024-10-16T18:46:21.252327" level="INFO">${imputar_zipcode} = 10172</msg>
<var>${imputar_zipcode}</var>
<status status="PASS" start="2024-10-16T18:46:21.251383" elapsed="0.001564"/>
</kw>
<kw name="Input Text" owner="SeleniumLibrary">
<msg time="2024-10-16T18:46:21.256062" level="INFO">Typing text '10172' into text field 'id:zipcode'.</msg>
<arg>${input_zipcode}</arg>
<arg>${imputar_zipcode}</arg>
<doc>Types the given ``text`` into the text field identified by ``locator``.</doc>
<status status="PASS" start="2024-10-16T18:46:21.254335" elapsed="0.222805"/>
</kw>
<status status="PASS" start="2024-10-16T18:46:21.250492" elapsed="0.227063"/>
</kw>
<kw name="Digitando o numero de celular" owner="SignupPage">
<kw name="Phone Number" owner="FakerLibrary">
<msg time="2024-10-16T18:46:21.479708" level="INFO">${imputar_mobile_number} = +1-357-674-0258</msg>
<var>${imputar_mobile_number}</var>
<status status="PASS" start="2024-10-16T18:46:21.479121" elapsed="0.000854"/>
</kw>
<kw name="Input Text" owner="SeleniumLibrary">
<msg time="2024-10-16T18:46:21.481185" level="INFO">Typing text '+1-357-674-0258' into text field 'id:mobile_number'.</msg>
<arg>${input_mobile_number}</arg>
<arg>${imputar_mobile_number}</arg>
<doc>Types the given ``text`` into the text field identified by ``locator``.</doc>
<status status="PASS" start="2024-10-16T18:46:21.480358" elapsed="0.132604"/>
</kw>
<status status="PASS" start="2024-10-16T18:46:21.478351" elapsed="0.135099"/>
</kw>
<kw name="Clicando no botão &quot;Create Account&quot;" owner="SignupPage">
<kw name="Wait Until Element Is Visible" owner="SeleniumLibrary">
<arg>${button_Create_Account}</arg>
<doc>Waits until the element ``locator`` is visible.</doc>
<status status="PASS" start="2024-10-16T18:46:21.614693" elapsed="0.034035"/>
</kw>
<kw name="Click Button" owner="SeleniumLibrary">
<msg time="2024-10-16T18:46:21.649834" level="INFO">Clicking button 'css:button[data-qa='create-account']'.</msg>
<arg>${button_Create_Account}</arg>
<doc>Clicks the button identified by ``locator``.</doc>
<status status="PASS" start="2024-10-16T18:46:21.649266" elapsed="1.384723"/>
</kw>
<status status="PASS" start="2024-10-16T18:46:21.613964" elapsed="1.420680"/>
</kw>
<status status="PASS" start="2024-10-16T18:46:18.419593" elapsed="4.615405"/>
</kw>
<kw name="Então a conta deve ser criada com sucesso" owner="kws">
<kw name="Validando que a conta foi criada" owner="accountCreatedPage">
<kw name="Wait Until Element Is Visible" owner="SeleniumLibrary">
<arg>${account_created_MESSAGE}</arg>
<doc>Waits until the element ``locator`` is visible.</doc>
<status status="PASS" start="2024-10-16T18:46:23.046273" elapsed="0.030804"/>
</kw>
<status status="PASS" start="2024-10-16T18:46:23.044611" elapsed="0.032878"/>
</kw>
<status status="PASS" start="2024-10-16T18:46:23.036507" elapsed="0.041247"/>
</kw>
<kw name="E o usuário deve ser redirecionado para a página inicial" owner="kws">
<kw name="Clicando no botão continue" owner="accountCreatedPage">
<kw name="Click Element" owner="SeleniumLibrary">
<msg time="2024-10-16T18:46:23.082354" level="INFO">Clicking element 'css:a[data-qa='continue-button']'.</msg>
<arg>${button_continue}</arg>
<doc>Click the element identified by ``locator``.</doc>
<status status="PASS" start="2024-10-16T18:46:23.081677" elapsed="1.234835"/>
</kw>
<status status="PASS" start="2024-10-16T18:46:23.080404" elapsed="1.236778"/>
</kw>
<kw name="Validar que foi redirecionado para a página inicial" owner="HomePage">
<kw name="Wait Until Element Is Visible" owner="SeleniumLibrary">
<arg>${CATEGORY_SECTION_TITLE}</arg>
<doc>Waits until the element ``locator`` is visible.</doc>
<status status="PASS" start="2024-10-16T18:46:24.318819" elapsed="0.028698"/>
</kw>
<status status="PASS" start="2024-10-16T18:46:24.317915" elapsed="0.030036"/>
</kw>
<status status="PASS" start="2024-10-16T18:46:23.078648" elapsed="1.269738"/>
</kw>
<kw name="E o usuário deve estar logado como &quot;username&quot;" owner="kws">
<kw name="Validar que o usuario esta logado" owner="HomePage">
<kw name="Wait Until Element Is Visible" owner="SeleniumLibrary">
<arg>${Logged_in_message}</arg>
<doc>Waits until the element ``locator`` is visible.</doc>
<status status="PASS" start="2024-10-16T18:46:24.352983" elapsed="0.036781"/>
</kw>
<status status="PASS" start="2024-10-16T18:46:24.351605" elapsed="0.038885"/>
</kw>
<status status="PASS" start="2024-10-16T18:46:24.349695" elapsed="0.041141"/>
</kw>
<status status="PASS" start="2024-10-16T18:46:08.455418" elapsed="15.936341"/>
</test>
<status status="PASS" start="2024-10-16T18:46:07.538853" elapsed="16.855605"/>
</suite>
<statistics>
<total>
<stat pass="1" fail="0" skip="0">All Tests</stat>
</total>
<tag>
</tag>
<suite>
<stat pass="1" fail="0" skip="0" id="s1" name="Tests">Tests</stat>
</suite>
</statistics>
<errors>
</errors>
</robot>
